<?xml version="1.0" encoding="UTF-8"?>
<TestRun id="73660d9b-baf7-485b-9d62-f6939bdf3f31" name="alytunenko@WS01 2011-11-07 17:44:24" runUser="ECLIPSESP\alytunenko" xmlns="http://microsoft.com/schemas/VisualStudio/TeamTest/2010">
  <TestSettings name="Local" id="7f2de828-320c-47b7-bad7-14338a7a3542">
    <Description>These are default test settings for a local test run.</Description>
    <Deployment enabled="false" runDeploymentRoot="alytunenko_WS01 2011-11-07 17_44_24">
      <DeploymentItem filename="C:\Projects\NhibernateHierarchyTest\Bin\Nhibernate\Iesi.Collections.dll" />
      <DeploymentItem filename="C:\Projects\NhibernateHierarchyTest\NhibernateHierarchyTest\bin\Debug\NhibernateHierarchyTest.dll" />
      <DeploymentItem filename="C:\Projects\NhibernateHierarchyTest\Bin\Nhibernate\Castle.Core.dll" />
      <DeploymentItem filename="C:\Projects\NhibernateHierarchyTest\Bin\Nhibernate\NHibernate.ByteCode.Castle.dll" />
      <DeploymentItem filename="C:\Projects\NhibernateHierarchyTest\Hierarchy.NHibernate\bin\Debug\Hierarchy.NHibernate.dll" />
      <DeploymentItem filename="C:\Projects\NhibernateHierarchyTest\Bin\Nhibernate\Remotion.Data.Linq.dll" />
      <DeploymentItem filename="C:\Projects\NhibernateHierarchyTest\Bin\Nhibernate\NHibernate.dll" />
      <DeploymentItem filename="C:\Projects\NhibernateHierarchyTest\Bin\Nhibernate\FluentNHibernate.dll" />
      <DeploymentItem filename="C:\Projects\NhibernateHierarchyTest\Bin\Nhibernate\Antlr3.Runtime.dll" />
    </Deployment>
    <Execution>
      <TestTypeSpecific />
      <AgentRule name="Execution Agents">
      </AgentRule>
    </Execution>
  </TestSettings>
  <Times creation="2011-11-07T17:44:24.6844093+02:00" queuing="2011-11-07T17:44:29.9659374+02:00" start="2011-11-07T17:44:30.1149523+02:00" finish="2011-11-07T17:44:31.2430651+02:00" />
  <ResultSummary outcome="Failed">
    <Counters total="5" executed="5" error="0" failed="5" timeout="0" aborted="0" inconclusive="0" passedButRunAborted="0" notRunnable="0" notExecuted="0" disconnected="0" warning="0" passed="0" completed="0" inProgress="0" pending="0" />
  </ResultSummary>
  <TestDefinitions>
    <UnitTest name="GetAll_Cars" storage="c:\projects\nhibernatehierarchytest\hierarchy.nhibernate.tests\bin\debug\hierarchy.nhibernate.tests.dll" id="edaedbb8-d439-e148-3d04-87f9ed4dde7f">
      <Execution id="c15a9ab7-54a4-4bc7-81a7-60fc0a10243f" />
      <TestMethod codeBase="C:/Projects/NhibernateHierarchyTest/Hierarchy.NHibernate.Tests/bin/Debug/Hierarchy.NHibernate.Tests.DLL" adapterTypeName="Microsoft.VisualStudio.TestTools.TestTypes.Unit.UnitTestAdapter, Microsoft.VisualStudio.QualityTools.Tips.UnitTest.Adapter, Version=10.0.0.0, Culture=neutral, PublicKeyToken=b03f5f7f11d50a3a" className="Hierarchy.NHibernate.Tests.NHibernateVehicleRepositoryTest, Hierarchy.NHibernate.Tests, Version=1.0.0.0, Culture=neutral, PublicKeyToken=null" name="GetAll_Cars" />
    </UnitTest>
    <UnitTest name="GetAll_Buses" storage="c:\projects\nhibernatehierarchytest\hierarchy.nhibernate.tests\bin\debug\hierarchy.nhibernate.tests.dll" id="9bdeb3fd-a67a-7aaa-2d77-646adc2b6c65">
      <Execution id="08d4cee2-013f-45a6-9eaf-ffe95357e259" />
      <TestMethod codeBase="C:/Projects/NhibernateHierarchyTest/Hierarchy.NHibernate.Tests/bin/Debug/Hierarchy.NHibernate.Tests.DLL" adapterTypeName="Microsoft.VisualStudio.TestTools.TestTypes.Unit.UnitTestAdapter, Microsoft.VisualStudio.QualityTools.Tips.UnitTest.Adapter, Version=10.0.0.0, Culture=neutral, PublicKeyToken=b03f5f7f11d50a3a" className="Hierarchy.NHibernate.Tests.NHibernateVehicleRepositoryTest, Hierarchy.NHibernate.Tests, Version=1.0.0.0, Culture=neutral, PublicKeyToken=null" name="GetAll_Buses" />
    </UnitTest>
    <UnitTest name="GetAll_Motors" storage="c:\projects\nhibernatehierarchytest\hierarchy.nhibernate.tests\bin\debug\hierarchy.nhibernate.tests.dll" id="f002f957-10d5-8ca8-fadb-5954e3e18635">
      <Execution id="20e6075a-14ae-464a-87e0-5b4d5d330dc2" />
      <TestMethod codeBase="C:/Projects/NhibernateHierarchyTest/Hierarchy.NHibernate.Tests/bin/Debug/Hierarchy.NHibernate.Tests.DLL" adapterTypeName="Microsoft.VisualStudio.TestTools.TestTypes.Unit.UnitTestAdapter, Microsoft.VisualStudio.QualityTools.Tips.UnitTest.Adapter, Version=10.0.0.0, Culture=neutral, PublicKeyToken=b03f5f7f11d50a3a" className="Hierarchy.NHibernate.Tests.NHibernateVehicleRepositoryTest, Hierarchy.NHibernate.Tests, Version=1.0.0.0, Culture=neutral, PublicKeyToken=null" name="GetAll_Motors" />
    </UnitTest>
    <UnitTest name="GetAll_Trucks" storage="c:\projects\nhibernatehierarchytest\hierarchy.nhibernate.tests\bin\debug\hierarchy.nhibernate.tests.dll" id="cd1c1b2c-bbec-54fb-4f18-853f67d36d41">
      <Execution id="a1605f9e-8472-4454-b7b2-21439296d01d" />
      <TestMethod codeBase="C:/Projects/NhibernateHierarchyTest/Hierarchy.NHibernate.Tests/bin/Debug/Hierarchy.NHibernate.Tests.DLL" adapterTypeName="Microsoft.VisualStudio.TestTools.TestTypes.Unit.UnitTestAdapter, Microsoft.VisualStudio.QualityTools.Tips.UnitTest.Adapter, Version=10.0.0.0, Culture=neutral, PublicKeyToken=b03f5f7f11d50a3a" className="Hierarchy.NHibernate.Tests.NHibernateVehicleRepositoryTest, Hierarchy.NHibernate.Tests, Version=1.0.0.0, Culture=neutral, PublicKeyToken=null" name="GetAll_Trucks" />
    </UnitTest>
    <UnitTest name="GetAll_Bicycles" storage="c:\projects\nhibernatehierarchytest\hierarchy.nhibernate.tests\bin\debug\hierarchy.nhibernate.tests.dll" id="ee45036e-378c-ce95-452f-d5f626bd2401">
      <Execution id="1e79934e-3bf8-4c93-92a7-e7abf07ebefe" />
      <TestMethod codeBase="C:/Projects/NhibernateHierarchyTest/Hierarchy.NHibernate.Tests/bin/Debug/Hierarchy.NHibernate.Tests.DLL" adapterTypeName="Microsoft.VisualStudio.TestTools.TestTypes.Unit.UnitTestAdapter, Microsoft.VisualStudio.QualityTools.Tips.UnitTest.Adapter, Version=10.0.0.0, Culture=neutral, PublicKeyToken=b03f5f7f11d50a3a" className="Hierarchy.NHibernate.Tests.NHibernateVehicleRepositoryTest, Hierarchy.NHibernate.Tests, Version=1.0.0.0, Culture=neutral, PublicKeyToken=null" name="GetAll_Bicycles" />
    </UnitTest>
  </TestDefinitions>
  <TestLists>
    <TestList name="Results Not in a List" id="8c84fa94-04c1-424b-9868-57a2d4851a1d" />
    <TestList name="All Loaded Results" id="19431567-8539-422a-85d7-44ee4e166bda" />
  </TestLists>
  <TestEntries>
    <TestEntry testId="9bdeb3fd-a67a-7aaa-2d77-646adc2b6c65" executionId="08d4cee2-013f-45a6-9eaf-ffe95357e259" testListId="8c84fa94-04c1-424b-9868-57a2d4851a1d" />
    <TestEntry testId="cd1c1b2c-bbec-54fb-4f18-853f67d36d41" executionId="a1605f9e-8472-4454-b7b2-21439296d01d" testListId="8c84fa94-04c1-424b-9868-57a2d4851a1d" />
    <TestEntry testId="edaedbb8-d439-e148-3d04-87f9ed4dde7f" executionId="c15a9ab7-54a4-4bc7-81a7-60fc0a10243f" testListId="8c84fa94-04c1-424b-9868-57a2d4851a1d" />
    <TestEntry testId="ee45036e-378c-ce95-452f-d5f626bd2401" executionId="1e79934e-3bf8-4c93-92a7-e7abf07ebefe" testListId="8c84fa94-04c1-424b-9868-57a2d4851a1d" />
    <TestEntry testId="f002f957-10d5-8ca8-fadb-5954e3e18635" executionId="20e6075a-14ae-464a-87e0-5b4d5d330dc2" testListId="8c84fa94-04c1-424b-9868-57a2d4851a1d" />
  </TestEntries>
  <Results>
    <UnitTestResult executionId="08d4cee2-013f-45a6-9eaf-ffe95357e259" testId="9bdeb3fd-a67a-7aaa-2d77-646adc2b6c65" testName="GetAll_Buses" computerName="WS01" duration="00:00:00.1790093" startTime="2011-11-07T17:44:30.1559564+02:00" endTime="2011-11-07T17:44:31.1550563+02:00" testType="13cdc9d9-ddb5-4fa4-a97d-d965ccfc6d4b" outcome="Failed" testListId="8c84fa94-04c1-424b-9868-57a2d4851a1d" relativeResultsDirectory="08d4cee2-013f-45a6-9eaf-ffe95357e259">
      <Output>
        <ErrorInfo>
          <Message>Initialization method Hierarchy.NHibernate.Tests.NHibernateVehicleRepositoryTest.Init threw exception. System.NullReferenceException: System.NullReferenceException: Object reference not set to an instance of an object..</Message>
          <StackTrace>    at Hierarchy.NHibernate.Tests.NHibernateVehicleRepositoryTest.Init() in C:\Projects\NhibernateHierarchyTest\Hierarchy.NHibernate.Tests\NHibernateVehicleRepositoryTest.cs:line 19
</StackTrace>
        </ErrorInfo>
      </Output>
    </UnitTestResult>
    <UnitTestResult executionId="a1605f9e-8472-4454-b7b2-21439296d01d" testId="cd1c1b2c-bbec-54fb-4f18-853f67d36d41" testName="GetAll_Trucks" computerName="WS01" duration="00:00:00.0021302" startTime="2011-11-07T17:44:31.1660574+02:00" endTime="2011-11-07T17:44:31.1740582+02:00" testType="13cdc9d9-ddb5-4fa4-a97d-d965ccfc6d4b" outcome="Failed" testListId="8c84fa94-04c1-424b-9868-57a2d4851a1d" relativeResultsDirectory="a1605f9e-8472-4454-b7b2-21439296d01d">
      <Output>
        <ErrorInfo>
          <Message>Initialization method Hierarchy.NHibernate.Tests.NHibernateVehicleRepositoryTest.Init threw exception. System.NullReferenceException: System.NullReferenceException: Object reference not set to an instance of an object..</Message>
          <StackTrace>    at Hierarchy.NHibernate.Tests.NHibernateVehicleRepositoryTest.Init() in C:\Projects\NhibernateHierarchyTest\Hierarchy.NHibernate.Tests\NHibernateVehicleRepositoryTest.cs:line 19
</StackTrace>
        </ErrorInfo>
      </Output>
    </UnitTestResult>
    <UnitTestResult executionId="c15a9ab7-54a4-4bc7-81a7-60fc0a10243f" testId="edaedbb8-d439-e148-3d04-87f9ed4dde7f" testName="GetAll_Cars" computerName="WS01" duration="00:00:00.0011802" startTime="2011-11-07T17:44:31.1820590+02:00" endTime="2011-11-07T17:44:31.1950603+02:00" testType="13cdc9d9-ddb5-4fa4-a97d-d965ccfc6d4b" outcome="Failed" testListId="8c84fa94-04c1-424b-9868-57a2d4851a1d" relativeResultsDirectory="c15a9ab7-54a4-4bc7-81a7-60fc0a10243f">
      <Output>
        <ErrorInfo>
          <Message>Initialization method Hierarchy.NHibernate.Tests.NHibernateVehicleRepositoryTest.Init threw exception. System.NullReferenceException: System.NullReferenceException: Object reference not set to an instance of an object..</Message>
          <StackTrace>    at Hierarchy.NHibernate.Tests.NHibernateVehicleRepositoryTest.Init() in C:\Projects\NhibernateHierarchyTest\Hierarchy.NHibernate.Tests\NHibernateVehicleRepositoryTest.cs:line 19
</StackTrace>
        </ErrorInfo>
      </Output>
    </UnitTestResult>
    <UnitTestResult executionId="1e79934e-3bf8-4c93-92a7-e7abf07ebefe" testId="ee45036e-378c-ce95-452f-d5f626bd2401" testName="GetAll_Bicycles" computerName="WS01" duration="00:00:00.0011173" startTime="2011-11-07T17:44:31.1970605+02:00" endTime="2011-11-07T17:44:31.2010609+02:00" testType="13cdc9d9-ddb5-4fa4-a97d-d965ccfc6d4b" outcome="Failed" testListId="8c84fa94-04c1-424b-9868-57a2d4851a1d" relativeResultsDirectory="1e79934e-3bf8-4c93-92a7-e7abf07ebefe">
      <Output>
        <ErrorInfo>
          <Message>Initialization method Hierarchy.NHibernate.Tests.NHibernateVehicleRepositoryTest.Init threw exception. System.NullReferenceException: System.NullReferenceException: Object reference not set to an instance of an object..</Message>
          <StackTrace>    at Hierarchy.NHibernate.Tests.NHibernateVehicleRepositoryTest.Init() in C:\Projects\NhibernateHierarchyTest\Hierarchy.NHibernate.Tests\NHibernateVehicleRepositoryTest.cs:line 19
</StackTrace>
        </ErrorInfo>
      </Output>
    </UnitTestResult>
    <UnitTestResult executionId="20e6075a-14ae-464a-87e0-5b4d5d330dc2" testId="f002f957-10d5-8ca8-fadb-5954e3e18635" testName="GetAll_Motors" computerName="WS01" duration="00:00:00.0010534" startTime="2011-11-07T17:44:31.2020610+02:00" endTime="2011-11-07T17:44:31.2060614+02:00" testType="13cdc9d9-ddb5-4fa4-a97d-d965ccfc6d4b" outcome="Failed" testListId="8c84fa94-04c1-424b-9868-57a2d4851a1d" relativeResultsDirectory="20e6075a-14ae-464a-87e0-5b4d5d330dc2">
      <Output>
        <ErrorInfo>
          <Message>Initialization method Hierarchy.NHibernate.Tests.NHibernateVehicleRepositoryTest.Init threw exception. System.NullReferenceException: System.NullReferenceException: Object reference not set to an instance of an object..</Message>
          <StackTrace>    at Hierarchy.NHibernate.Tests.NHibernateVehicleRepositoryTest.Init() in C:\Projects\NhibernateHierarchyTest\Hierarchy.NHibernate.Tests\NHibernateVehicleRepositoryTest.cs:line 19
</StackTrace>
        </ErrorInfo>
      </Output>
    </UnitTestResult>
  </Results>
</TestRun>